#
# There is insufficient memory for the Java Runtime Environment to continue.
# Native memory allocation (malloc) failed to allocate 278896 bytes for Chunk::new
# Possible reasons:
#   The system is out of physical RAM or swap space
#   In 32 bit mode, the process size limit was hit
# Possible solutions:
#   Reduce memory load on the system
#   Increase physical memory or swap space
#   Check if swap backing store is full
#   Use 64 bit Java on a 64 bit OS
#   Decrease Java heap size (-Xmx/-Xms)
#   Decrease number of Java threads
#   Decrease Java thread stack sizes (-Xss)
#   Set larger code cache with -XX:ReservedCodeCacheSize=
# This output file may be truncated or incomplete.
#
#  Out of Memory Error (allocation.cpp:390), pid=3132, tid=0x0000000000001194
#
# JRE version: OpenJDK Runtime Environment (8.0_152-b01) (build 1.8.0_152-release-1248-b01)
# Java VM: OpenJDK 64-Bit Server VM (25.152-b01 mixed mode windows-amd64 compressed oops)
# Failed to write core dump. Minidumps are not enabled by default on client versions of Windows
#

---------------  T H R E A D  ---------------

Current thread (0x0000000016b6e000):  JavaThread "C2 CompilerThread0" daemon [_thread_in_native, id=4500, stack(0x00000000181e0000,0x00000000182e0000)]

Stack: [0x00000000181e0000,0x00000000182e0000]
[error occurred during error reporting (printing stack bounds), id 0xc0000005]

Native frames: (J=compiled Java code, j=interpreted, Vv=VM code, C=native code)


Current CompileTask:
C2: 376856 19193       4       com.android.tools.r8.dex.DexParser$MemberAnnotationIterator::getNextFor (101 bytes)


---------------  P R O C E S S  ---------------

Java Threads: ( => current thread )
  0x0000000021a0e800 JavaThread "ForkJoinPool-5-worker-0" daemon [_thread_blocked, id=13044, stack(0x000000002a6a0000,0x000000002a7a0000)]
  0x0000000021a11000 JavaThread "ForkJoinPool-5-worker-3" daemon [_thread_blocked, id=9508, stack(0x000000002a5a0000,0x000000002a6a0000)]
  0x0000000021a0e000 JavaThread "ForkJoinPool-5-worker-2" daemon [_thread_blocked, id=7840, stack(0x000000002a4a0000,0x000000002a5a0000)]
  0x0000000021a0d000 JavaThread "ForkJoinPool-5-worker-1" daemon [_thread_blocked, id=2016, stack(0x000000002a3a0000,0x000000002a4a0000)]
  0x000000001b865000 JavaThread "ForkJoinPool.commonPool-worker-3" daemon [_thread_blocked, id=12724, stack(0x000000002a1a0000,0x000000002a2a0000)]
  0x000000001b862000 JavaThread "ForkJoinPool.commonPool-worker-1" daemon [_thread_blocked, id=8380, stack(0x0000000029ea0000,0x0000000029fa0000)]
  0x000000001b866800 JavaThread "Cache worker for Java compile cache (C:\Users\jmsvs\Desktop\Projeto Final Mobile\TeachingControlApp\.gradle\4.10.1\javaCompile)" [_thread_blocked, id=7328, stack(0x0000000029da0000,0x0000000029ea0000)]
  0x000000001b860800 JavaThread "Cache worker for Build Output Cleanup Cache (C:\Users\jmsvs\Desktop\Projeto Final Mobile\TeachingControlApp\.gradle\buildOutputCleanup)" [_thread_blocked, id=2288, stack(0x0000000029ca0000,0x0000000029da0000)]
  0x000000001b859000 JavaThread "Cache worker for task history cache (C:\Users\jmsvs\Desktop\Projeto Final Mobile\TeachingControlApp\.gradle\4.10.1\taskHistory)" [_thread_blocked, id=12212, stack(0x0000000029ba0000,0x0000000029ca0000)]
  0x000000001b860000 JavaThread "Task worker for ':' Thread 3" [_thread_in_vm, id=9712, stack(0x0000000029aa0000,0x0000000029ba0000)]
  0x000000001b858800 JavaThread "Task worker for ':' Thread 2" [_thread_blocked, id=12816, stack(0x00000000299a0000,0x0000000029aa0000)]
  0x000000001b85c000 JavaThread "Task worker for ':'" [_thread_blocked, id=8520, stack(0x00000000298a0000,0x00000000299a0000)]
  0x000000001b85d800 JavaThread "Cache worker for file content cache (C:\Users\jmsvs\Desktop\Projeto Final Mobile\TeachingControlApp\.gradle\4.10.1\fileContent)" [_thread_blocked, id=12560, stack(0x00000000297a0000,0x00000000298a0000)]
  0x000000001e87f800 JavaThread "Build operations Thread 4" [_thread_blocked, id=416, stack(0x00000000296a0000,0x00000000297a0000)]
  0x000000001e880800 JavaThread "Build operations Thread 3" [_thread_blocked, id=7480, stack(0x00000000295a0000,0x00000000296a0000)]
  0x000000001e87f000 JavaThread "Build operations Thread 2" [_thread_blocked, id=12812, stack(0x00000000294a0000,0x00000000295a0000)]
  0x000000001e87d800 JavaThread "Build operations" [_thread_blocked, id=11136, stack(0x00000000293a0000,0x00000000294a0000)]
  0x000000001e878000 JavaThread "Cache worker for cache directory md-rule (C:\Users\jmsvs\.gradle\caches\4.10.1\md-rule)" [_thread_blocked, id=5684, stack(0x00000000292a0000,0x00000000293a0000)]
  0x000000001e87c000 JavaThread "Cache worker for cache directory md-supplier (C:\Users\jmsvs\.gradle\caches\4.10.1\md-supplier)" [_thread_blocked, id=9876, stack(0x00000000291a0000,0x00000000292a0000)]
  0x000000001e877000 JavaThread "Cache worker for file hash cache (C:\Users\jmsvs\Desktop\Projeto Final Mobile\TeachingControlApp\.gradle\4.10.1\fileHashes)" [_thread_blocked, id=1036, stack(0x00000000290a0000,0x00000000291a0000)]
  0x000000001e87c800 JavaThread "Stdin handler" [_thread_blocked, id=11800, stack(0x0000000028fa0000,0x00000000290a0000)]
  0x000000001e875000 JavaThread "Asynchronous log dispatcher for DefaultDaemonConnection: socket connection from /127.0.0.1:55255 to /127.0.0.1:55576" [_thread_blocked, id=8692, stack(0x0000000028ea0000,0x0000000028fa0000)]
  0x000000001e87b000 JavaThread "Cancel handler" [_thread_blocked, id=8604, stack(0x0000000028da0000,0x0000000028ea0000)]
  0x000000001e875800 JavaThread "Handler for socket connection from /127.0.0.1:55255 to /127.0.0.1:55576" [_thread_in_native, id=12140, stack(0x0000000028ca0000,0x0000000028da0000)]
  0x000000001b85a800 JavaThread "Daemon worker Thread 3" [_thread_blocked, id=9536, stack(0x00000000276a0000,0x00000000277a0000)]
  0x000000001b85f000 JavaThread "Daemon Thread 3" [_thread_blocked, id=4676, stack(0x00000000273a0000,0x00000000274a0000)]
  0x000000001b85b800 JavaThread "Cache worker for Java compile cache (C:\Users\jmsvs\.gradle\caches\4.10.1\javaCompile)" [_thread_blocked, id=11588, stack(0x00000000270a0000,0x00000000271a0000)]
  0x000000001c651800 JavaThread "Cache worker for file content cache (C:\Users\jmsvs\.gradle\caches\4.10.1\fileContent)" [_thread_blocked, id=12164, stack(0x0000000025fa0000,0x00000000260a0000)]
  0x000000001c657000 JavaThread "Memory manager" [_thread_blocked, id=2968, stack(0x0000000025ea0000,0x0000000025fa0000)]
  0x000000001c650000 JavaThread "Cache worker for Artifact transforms cache (C:\Users\jmsvs\.gradle\caches\transforms-1)" [_thread_blocked, id=8744, stack(0x000000001f2f0000,0x000000001f3f0000)]
  0x000000001c653000 JavaThread "Cache worker for journal cache (C:\Users\jmsvs\.gradle\caches\journal-1)" [_thread_blocked, id=11316, stack(0x000000001d7e0000,0x000000001d8e0000)]
  0x000000001bf39800 JavaThread "File lock request listener" [_thread_in_native, id=8176, stack(0x000000001d5e0000,0x000000001d6e0000)]
  0x0000000019d88800 JavaThread "Cache worker for file hash cache (C:\Users\jmsvs\.gradle\caches\4.10.1\fileHashes)" [_thread_blocked, id=12888, stack(0x000000001c510000,0x000000001c610000)]
  0x0000000019b58800 JavaThread "Daemon periodic checks" [_thread_blocked, id=13308, stack(0x000000001aa40000,0x000000001ab40000)]
  0x0000000019b4a000 JavaThread "Incoming local TCP Connector on port 55255" [_thread_in_native, id=6272, stack(0x000000001a7f0000,0x000000001a8f0000)]
  0x0000000018520000 JavaThread "Service Thread" daemon [_thread_blocked, id=332, stack(0x00000000188e0000,0x00000000189e0000)]
  0x0000000016b85000 JavaThread "C1 CompilerThread2" daemon [_thread_blocked, id=10624, stack(0x00000000183e0000,0x00000000184e0000)]
  0x0000000016b71800 JavaThread "C2 CompilerThread1" daemon [_thread_in_native, id=10352, stack(0x00000000182e0000,0x00000000183e0000)]
=>0x0000000016b6e000 JavaThread "C2 CompilerThread0" daemon [_thread_in_native, id=4500, stack(0x00000000181e0000,0x00000000182e0000)]
  0x0000000016b6c800 JavaThread "Attach Listener" daemon [_thread_blocked, id=8008, stack(0x00000000180e0000,0x00000000181e0000)]
  0x0000000016b6b800 JavaThread "Signal Dispatcher" daemon [_thread_blocked, id=196, stack(0x0000000017fe0000,0x00000000180e0000)]
  0x00000000031fc000 JavaThread "Finalizer" daemon [_thread_blocked, id=10632, stack(0x0000000017dd0000,0x0000000017ed0000)]
  0x00000000031f1000 JavaThread "Reference Handler" daemon [_thread_blocked, id=1644, stack(0x0000000017cd0000,0x0000000017dd0000)]
  0x0000000002f4e000 JavaThread "main" [_thread_blocked, id=3488, stack(0x0000000003000000,0x0000000003100000)]

Other Threads:
  0x0000000016b37800 VMThread [stack: 0x0000000017bd0000,0x0000000017cd0000] [id=5496]
  0x0000000016bbb000 WatcherThread [stack: 0x00000000189e0000,0x0000000018ae0000] [id=3520]

VM state:not at safepoint (normal execution)

VM Mutex/Monitor currently owned by a thread: None

Heap:
 PSYoungGen      total 327168K, used 286022K [0x00000000e0000000, 0x00000000f6400000, 0x0000000100000000)
  eden space 303104K, 92% used [0x00000000e0000000,0x00000000f10d4cb8,0x00000000f2800000)
  from space 24064K, 27% used [0x00000000f4c80000,0x00000000f52fcd90,0x00000000f6400000)
  to   space 30720K, 0% used [0x00000000f2800000,0x00000000f2800000,0x00000000f4600000)
 ParOldGen       total 123904K, used 81746K [0x00000000a0000000, 0x00000000a7900000, 0x00000000e0000000)
  object space 123904K, 65% used [0x00000000a0000000,0x00000000a4fd4bf0,0x00000000a7900000)
 Metaspace       used 87616K, capacity 91216K, committed 91520K, reserved 1128448K
  class space    used 11038K, capacity 11799K, committed 11904K, reserved 1048576K

Card table byte_map: [0x00000000125c0000,0x00000000128d0000] byte_map_base: 0x00000000120c0000

Marking Bits: (ParMarkBitMap*) 0x0000000061125aa0
 Begin Bits: [0x0000000012ed0000, 0x00000000146d0000)
 End Bits:   [0x00000000146d0000, 0x0000000015ed0000)

Polling page: 0x0000000001570000

CodeCache: size=245760Kb used=52154Kb max_used=52154Kb free=193605Kb
 bounds [0x0000000003200000, 0x0000000006530000, 0x0000000012200000]
 total_blobs=16678 nmethods=15820 adapters=768
 compilation: enabled

Compilation events (10 events):
Event: 376.606 Thread 0x0000000016b85000 19434       2       com.android.tools.r8.code.SubInt::collectIndexedItems (8 bytes)
Event: 376.606 Thread 0x0000000016b85000 nmethod 19434 0x00000000065273d0 code [0x0000000006527520, 0x0000000006527670]
Event: 376.608 Thread 0x0000000016b85000 19435       2       com.android.tools.r8.code.ConstClass::collectIndexedItems (8 bytes)
Event: 376.608 Thread 0x0000000016b85000 nmethod 19435 0x0000000006527710 code [0x0000000006527880, 0x0000000006527a08]
Event: 376.614 Thread 0x0000000016b85000 19436       2       com.android.tools.r8.code.FloatToInt::collectIndexedItems (8 bytes)
Event: 376.615 Thread 0x0000000016b85000 nmethod 19436 0x0000000006527ad0 code [0x0000000006527c20, 0x0000000006527d70]
Event: 376.644 Thread 0x0000000016b85000 19437       1       com.android.tools.r8.code.Format22b::collectIndexedItems (1 bytes)
Event: 376.644 Thread 0x0000000016b85000 nmethod 19437 0x0000000006527e10 code [0x0000000006527f60, 0x0000000006528070]
Event: 376.672 Thread 0x0000000016b85000 19438       2       com.android.tools.r8.code.AddInt::collectIndexedItems (8 bytes)
Event: 376.672 Thread 0x0000000016b85000 nmethod 19438 0x00000000065280d0 code [0x0000000006528220, 0x0000000006528370]

GC Heap History (10 events):
Event: 355.881 GC heap before
{Heap before GC invocations=21 (full 3):
 PSYoungGen      total 283136K, used 275079K [0x00000000e0000000, 0x00000000f3900000, 0x0000000100000000)
  eden space 249856K, 99% used [0x00000000e0000000,0x00000000ef3036e0,0x00000000ef400000)
  from space 33280K, 78% used [0x00000000ef400000,0x00000000f0d9e668,0x00000000f1480000)
  to   space 23552K, 0% used [0x00000000f1480000,0x00000000f1480000,0x00000000f2b80000)
 ParOldGen       total 123904K, used 65469K [0x00000000a0000000, 0x00000000a7900000, 0x00000000e0000000)
  object space 123904K, 52% used [0x00000000a0000000,0x00000000a3fef758,0x00000000a7900000)
 Metaspace       used 74951K, capacity 77248K, committed 77568K, reserved 1116160K
  class space    used 9579K, capacity 10147K, committed 10240K, reserved 1048576K
Event: 355.914 GC heap after
Heap after GC invocations=21 (full 3):
 PSYoungGen      total 272896K, used 13028K [0x00000000e0000000, 0x00000000f6c80000, 0x0000000100000000)
  eden space 249344K, 0% used [0x00000000e0000000,0x00000000e0000000,0x00000000ef380000)
  from space 23552K, 55% used [0x00000000f1480000,0x00000000f2139298,0x00000000f2b80000)
  to   space 33792K, 0% used [0x00000000ef380000,0x00000000ef380000,0x00000000f1480000)
 ParOldGen       total 123904K, used 69915K [0x00000000a0000000, 0x00000000a7900000, 0x00000000e0000000)
  object space 123904K, 56% used [0x00000000a0000000,0x00000000a4446f18,0x00000000a7900000)
 Metaspace       used 74951K, capacity 77248K, committed 77568K, reserved 1116160K
  class space    used 9579K, capacity 10147K, committed 10240K, reserved 1048576K
}
Event: 355.964 GC heap before
{Heap before GC invocations=22 (full 3):
 PSYoungGen      total 272896K, used 261487K [0x00000000e0000000, 0x00000000f6c80000, 0x0000000100000000)
  eden space 249344K, 99% used [0x00000000e0000000,0x00000000ef2a2bd0,0x00000000ef380000)
  from space 23552K, 55% used [0x00000000f1480000,0x00000000f2139298,0x00000000f2b80000)
  to   space 33792K, 0% used [0x00000000ef380000,0x00000000ef380000,0x00000000f1480000)
 ParOldGen       total 123904K, used 69915K [0x00000000a0000000, 0x00000000a7900000, 0x00000000e0000000)
  object space 123904K, 56% used [0x00000000a0000000,0x00000000a4446f18,0x00000000a7900000)
 Metaspace       used 74970K, capacity 77312K, committed 77568K, reserved 1116160K
  class space    used 9579K, capacity 10147K, committed 10240K, reserved 1048576K
Event: 355.977 GC heap after
Heap after GC invocations=22 (full 3):
 PSYoungGen      total 283136K, used 64K [0x00000000e0000000, 0x00000000f6c80000, 0x0000000100000000)
  eden space 249344K, 0% used [0x00000000e0000000,0x00000000e0000000,0x00000000ef380000)
  from space 33792K, 0% used [0x00000000ef380000,0x00000000ef390000,0x00000000f1480000)
  to   space 23552K, 0% used [0x00000000f1480000,0x00000000f1480000,0x00000000f2b80000)
 ParOldGen       total 123904K, used 77767K [0x00000000a0000000, 0x00000000a7900000, 0x00000000e0000000)
  object space 123904K, 62% used [0x00000000a0000000,0x00000000a4bf1f28,0x00000000a7900000)
 Metaspace       used 74970K, capacity 77312K, committed 77568K, reserved 1116160K
  class space    used 9579K, capacity 10147K, committed 10240K, reserved 1048576K
}
Event: 361.007 GC heap before
{Heap before GC invocations=23 (full 3):
 PSYoungGen      total 283136K, used 249408K [0x00000000e0000000, 0x00000000f6c80000, 0x0000000100000000)
  eden space 249344K, 100% used [0x00000000e0000000,0x00000000ef380000,0x00000000ef380000)
  from space 33792K, 0% used [0x00000000ef380000,0x00000000ef390000,0x00000000f1480000)
  to   space 23552K, 0% used [0x00000000f1480000,0x00000000f1480000,0x00000000f2b80000)
 ParOldGen       total 123904K, used 77767K [0x00000000a0000000, 0x00000000a7900000, 0x00000000e0000000)
  object space 123904K, 62% used [0x00000000a0000000,0x00000000a4bf1f28,0x00000000a7900000)
 Metaspace       used 76023K, capacity 78582K, committed 78720K, reserved 1118208K
  class space    used 9727K, capacity 10344K, committed 10368K, reserved 1048576K
Event: 361.015 GC heap after
Heap after GC invocations=23 (full 3):
 PSYoungGen      total 273408K, used 5792K [0x00000000e0000000, 0x00000000f7400000, 0x0000000100000000)
  eden space 249856K, 0% used [0x00000000e0000000,0x00000000e0000000,0x00000000ef400000)
  from space 23552K, 24% used [0x00000000f1480000,0x00000000f1a283b8,0x00000000f2b80000)
  to   space 33280K, 0% used [0x00000000ef400000,0x00000000ef400000,0x00000000f1480000)
 ParOldGen       total 123904K, used 77807K [0x00000000a0000000, 0x00000000a7900000, 0x00000000e0000000)
  object space 123904K, 62% used [0x00000000a0000000,0x00000000a4bfbf28,0x00000000a7900000)
 Metaspace       used 76023K, capacity 78582K, committed 78720K, reserved 1118208K
  class space    used 9727K, capacity 10344K, committed 10368K, reserved 1048576K
}
Event: 366.494 GC heap before
{Heap before GC invocations=24 (full 3):
 PSYoungGen      total 273408K, used 255648K [0x00000000e0000000, 0x00000000f7400000, 0x0000000100000000)
  eden space 249856K, 100% used [0x00000000e0000000,0x00000000ef400000,0x00000000ef400000)
  from space 23552K, 24% used [0x00000000f1480000,0x00000000f1a283b8,0x00000000f2b80000)
  to   space 33280K, 0% used [0x00000000ef400000,0x00000000ef400000,0x00000000f1480000)
 ParOldGen       total 123904K, used 77807K [0x00000000a0000000, 0x00000000a7900000, 0x00000000e0000000)
  object space 123904K, 62% used [0x00000000a0000000,0x00000000a4bfbf28,0x00000000a7900000)
 Metaspace       used 85202K, capacity 88592K, committed 88704K, reserved 1126400K
  class space    used 10862K, capacity 11603K, committed 11648K, reserved 1048576K
Event: 366.519 GC heap after
Heap after GC invocations=24 (full 3):
 PSYoungGen      total 283136K, used 12817K [0x00000000e0000000, 0x00000000f6b80000, 0x0000000100000000)
  eden space 249856K, 0% used [0x00000000e0000000,0x00000000e0000000,0x00000000ef400000)
  from space 33280K, 38% used [0x00000000ef400000,0x00000000f0084598,0x00000000f1480000)
  to   space 31744K, 0% used [0x00000000f4c80000,0x00000000f4c80000,0x00000000f6b80000)
 ParOldGen       total 123904K, used 79006K [0x00000000a0000000, 0x00000000a7900000, 0x00000000e0000000)
  object space 123904K, 63% used [0x00000000a0000000,0x00000000a4d27b70,0x00000000a7900000)
 Metaspace       used 85202K, capacity 88592K, committed 88704K, reserved 1126400K
  class space    used 10862K, capacity 11603K, committed 11648K, reserved 1048576K
}
Event: 372.334 GC heap before
{Heap before GC invocations=25 (full 3):
 PSYoungGen      total 283136K, used 262673K [0x00000000e0000000, 0x00000000f6b80000, 0x0000000100000000)
  eden space 249856K, 100% used [0x00000000e0000000,0x00000000ef400000,0x00000000ef400000)
  from space 33280K, 38% used [0x00000000ef400000,0x00000000f0084598,0x00000000f1480000)
  to   space 31744K, 0% used [0x00000000f4c80000,0x00000000f4c80000,0x00000000f6b80000)
 ParOldGen       total 123904K, used 79006K [0x00000000a0000000, 0x00000000a7900000, 0x00000000e0000000)
  object space 123904K, 63% used [0x00000000a0000000,0x00000000a4d27b70,0x00000000a7900000)
 Metaspace       used 86369K, capacity 89922K, committed 90112K, reserved 1128448K
  class space    used 10903K, capacity 11652K, committed 11776K, reserved 1048576K
Event: 372.369 GC heap after
Heap after GC invocations=25 (full 3):
 PSYoungGen      total 327168K, used 6643K [0x00000000e0000000, 0x00000000f6400000, 0x0000000100000000)
  eden space 303104K, 0% used [0x00000000e0000000,0x00000000e0000000,0x00000000f2800000)
  from space 24064K, 27% used [0x00000000f4c80000,0x00000000f52fcd90,0x00000000f6400000)
  to   space 30720K, 0% used [0x00000000f2800000,0x00000000f2800000,0x00000000f4600000)
 ParOldGen       total 123904K, used 81746K [0x00000000a0000000, 0x00000000a7900000, 0x00000000e0000000)
  object space 123904K, 65% used [0x00000000a0000000,0x00000000a4fd4bf0,0x00000000a7900000)
 Metaspace       used 86369K, capacity 89922K, committed 90112K, reserved 1128448K
  class space    used 10903K, capacity 11652K, committed 11776K, reserved 1048576K
}

Deoptimization events (10 events):
Event: 375.545 Thread 0x0000000021a0d000 Uncommon trap: reason=unstable_if action=reinterpret pc=0x000000000644da20 method=com.android.tools.r8.dex.DexParser.cacheAt(ILjava/util/function/Supplier;)Ljava/lang/Object; @ 1
Event: 375.631 Thread 0x0000000021a11000 Uncommon trap: reason=unstable_if action=reinterpret pc=0x0000000005d153c0 method=com.android.tools.r8.utils.IdentifierUtils.isSimpleNameChar(I)Z @ 45
Event: 375.692 Thread 0x0000000021a0e800 Uncommon trap: reason=unstable_if action=reinterpret pc=0x00000000063d65e4 method=com.android.tools.r8.graph.DexProto.computeEquals(Ljava/lang/Object;)Z @ 37
Event: 375.707 Thread 0x0000000021a0e800 Uncommon trap: reason=unstable_if action=reinterpret pc=0x00000000063de56c method=com.android.tools.r8.graph.DexProto.computeEquals(Ljava/lang/Object;)Z @ 37
Event: 375.913 Thread 0x0000000021a0d000 Uncommon trap: reason=unloaded action=reinterpret pc=0x00000000064b659c method=com.android.tools.r8.code.BaseInstructionFactory.create(IILcom/android/tools/r8/code/BytecodeStream;Lcom/android/tools/r8/graph/OffsetToObjectMapping;)Lcom/android/tools/r8/cod
Event: 376.180 Thread 0x000000001b860000 Uncommon trap: reason=unstable_if action=reinterpret pc=0x0000000005f3ec8c method=com.android.tools.r8.graph.DexString.slowCompareTo(Lcom/android/tools/r8/graph/DexString;)I @ 54
Event: 376.180 Thread 0x000000001b860000 Uncommon trap: reason=unstable_if action=reinterpret pc=0x00000000064b1d10 method=com.android.tools.r8.graph.DexString.slowCompareTo(Lcom/android/tools/r8/graph/DexString;)I @ 54
Event: 376.277 Thread 0x000000001b860000 Uncommon trap: reason=unstable_if action=reinterpret pc=0x0000000005f93b44 method=java.util.concurrent.ConcurrentHashMap$Traverser.advance()Ljava/util/concurrent/ConcurrentHashMap$Node; @ 84
Event: 376.449 Thread 0x000000001b860000 Uncommon trap: reason=unstable_if action=reinterpret pc=0x0000000004cac78c method=com.android.tools.r8.dex.VirtualFile$IndexedItemTransaction.maybeInsert(Lcom/android/tools/r8/graph/DexItem;Ljava/util/Set;Ljava/util/Set;)Z @ 7
Event: 376.516 Thread 0x000000001b860000 Uncommon trap: reason=uninitialized action=reinterpret pc=0x0000000005af6c20 method=com.android.tools.r8.graph.DexValue.defaultForType(Lcom/android/tools/r8/graph/DexType;)Lcom/android/tools/r8/graph/DexValue; @ 144

Classes redefined (0 events):
No events

Internal exceptions (10 events):
Event: 374.270 Thread 0x000000001b864800 Exception <a 'sun/nio/fs/WindowsException'> (0x00000000e62b8220) thrown at [D:\src\AOSP-openjdk-cygwin\jdk8u\hotspot\src\share\vm\prims\jni.cpp, line 709]
Event: 374.273 Thread 0x000000001b864800 Exception <a 'sun/nio/fs/WindowsException'> (0x00000000e62fe908) thrown at [D:\src\AOSP-openjdk-cygwin\jdk8u\hotspot\src\share\vm\prims\jni.cpp, line 709]
Event: 374.275 Thread 0x000000001b864800 Exception <a 'sun/nio/fs/WindowsException'> (0x00000000e6303980) thrown at [D:\src\AOSP-openjdk-cygwin\jdk8u\hotspot\src\share\vm\prims\jni.cpp, line 709]
Event: 374.276 Thread 0x000000001b864800 Exception <a 'sun/nio/fs/WindowsException'> (0x00000000e63087f0) thrown at [D:\src\AOSP-openjdk-cygwin\jdk8u\hotspot\src\share\vm\prims\jni.cpp, line 709]
Event: 374.279 Thread 0x000000001b864800 Exception <a 'sun/nio/fs/WindowsException'> (0x00000000e6310048) thrown at [D:\src\AOSP-openjdk-cygwin\jdk8u\hotspot\src\share\vm\prims\jni.cpp, line 709]
Event: 374.828 Thread 0x000000001b860000 Exception <a 'sun/nio/fs/WindowsException'> (0x00000000e6e80cd8) thrown at [D:\src\AOSP-openjdk-cygwin\jdk8u\hotspot\src\share\vm\prims\jni.cpp, line 709]
Event: 375.083 Thread 0x000000001b860000 Exception <a 'sun/nio/fs/WindowsException'> (0x00000000e9122d20) thrown at [D:\src\AOSP-openjdk-cygwin\jdk8u\hotspot\src\share\vm\prims\jni.cpp, line 709]
Event: 375.458 Thread 0x0000000021a0e800 Implicit null exception at 0x00000000041ae46f to 0x00000000041ae561
Event: 375.458 Thread 0x0000000021a0e000 Implicit null exception at 0x00000000041ae46f to 0x00000000041ae561
Event: 375.458 Thread 0x0000000021a0d000 Implicit null exception at 0x00000000041ae46f to 0x00000000041ae561

Events (10 events):
Event: 376.449 Thread 0x000000001b860000 Uncommon trap: trap_request=0xffffff65 fr.pc=0x0000000004cac78c
Event: 376.449 Thread 0x000000001b860000 DEOPT PACKING pc=0x0000000004cac78c sp=0x0000000029b9c560
Event: 376.449 Thread 0x000000001b860000 DEOPT UNPACKING pc=0x000000000324557b sp=0x0000000029b9c4b8 mode 2
Event: 376.460 Executing VM operation: ForceSafepoint
Event: 376.460 Executing VM operation: ForceSafepoint done
Event: 376.482 Thread 0x000000001b860000 DEOPT PACKING pc=0x0000000005d4ce42 sp=0x0000000029b9c4f0
Event: 376.483 Thread 0x000000001b860000 DEOPT UNPACKING pc=0x00000000032475d0 sp=0x0000000029b9c300 mode 0
Event: 376.516 Thread 0x000000001b860000 Uncommon trap: trap_request=0xffffffb5 fr.pc=0x0000000005af6c20
Event: 376.516 Thread 0x000000001b860000 DEOPT PACKING pc=0x0000000005af6c20 sp=0x0000000029b9c600
Event: 376.516 Thread 0x000000001b860000 DEOPT UNPACKING pc=0x000000000324557b sp=0x0000000029b9c5a8 mode 2


Dynamic libraries:
0x00007ff764b50000 - 0x00007ff764b81000 	C:\Program Files\Android\Android Studio\jre\bin\java.exe
0x00007ffaed370000 - 0x00007ffaed551000 	C:\Windows\SYSTEM32\ntdll.dll
0x00007ffaeca10000 - 0x00007ffaecac2000 	C:\Windows\System32\KERNEL32.DLL
0x00007ffaea580000 - 0x00007ffaea7f3000 	C:\Windows\System32\KERNELBASE.dll
0x00007ffaea8d0000 - 0x00007ffaea971000 	C:\Windows\System32\ADVAPI32.dll
0x00007ffaeab70000 - 0x00007ffaeac0e000 	C:\Windows\System32\msvcrt.dll
0x00007ffaecce0000 - 0x00007ffaecd3b000 	C:\Windows\System32\sechost.dll
0x00007ffaed210000 - 0x00007ffaed334000 	C:\Windows\System32\RPCRT4.dll
0x00007ffaeaf70000 - 0x00007ffaeb100000 	C:\Windows\System32\USER32.dll
0x00007ffae9a60000 - 0x00007ffae9a80000 	C:\Windows\System32\win32u.dll
0x00007ffaeaf40000 - 0x00007ffaeaf68000 	C:\Windows\System32\GDI32.dll
0x00007ffae9a80000 - 0x00007ffae9c12000 	C:\Windows\System32\gdi32full.dll
0x00007ffae9d20000 - 0x00007ffae9dbf000 	C:\Windows\System32\msvcp_win.dll
0x00007ffae9c20000 - 0x00007ffae9d18000 	C:\Windows\System32\ucrtbase.dll
0x00007ffadb570000 - 0x00007ffadb7d9000 	C:\Windows\WinSxS\amd64_microsoft.windows.common-controls_6595b64144ccf1df_6.0.17134.648_none_fb45a0e93062a6d2\COMCTL32.dll
0x00007ffaeac10000 - 0x00007ffaeaf32000 	C:\Windows\System32\combase.dll
0x00007ffae9740000 - 0x00007ffae97ba000 	C:\Windows\System32\bcryptPrimitives.dll
0x00007ffaec5f0000 - 0x00007ffaec61d000 	C:\Windows\System32\IMM32.DLL
0x0000000060880000 - 0x0000000060952000 	C:\Program Files\Android\Android Studio\jre\jre\bin\msvcr100.dll
0x0000000060960000 - 0x00000000611a1000 	C:\Program Files\Android\Android Studio\jre\jre\bin\server\jvm.dll
0x00007ffaed1f0000 - 0x00007ffaed1f8000 	C:\Windows\System32\PSAPI.DLL
0x00007ffad5760000 - 0x00007ffad5769000 	C:\Windows\SYSTEM32\WSOCK32.dll
0x00007ffae7710000 - 0x00007ffae7733000 	C:\Windows\SYSTEM32\WINMM.dll
0x00007ffae27b0000 - 0x00007ffae27ba000 	C:\Windows\SYSTEM32\VERSION.dll
0x00007ffaecad0000 - 0x00007ffaecb3c000 	C:\Windows\System32\WS2_32.dll
0x00007ffae73a0000 - 0x00007ffae73ca000 	C:\Windows\SYSTEM32\WINMMBASE.dll
0x00007ffae9dc0000 - 0x00007ffae9e09000 	C:\Windows\System32\cfgmgr32.dll
0x00007ffadf5e0000 - 0x00007ffadf5ef000 	C:\Program Files\Android\Android Studio\jre\jre\bin\verify.dll
0x00007ffad8200000 - 0x00007ffad8229000 	C:\Program Files\Android\Android Studio\jre\jre\bin\java.dll
0x00007ffad86b0000 - 0x00007ffad86c6000 	C:\Program Files\Android\Android Studio\jre\jre\bin\zip.dll
0x00007ffaeb100000 - 0x00007ffaec540000 	C:\Windows\System32\SHELL32.dll
0x00007ffaec540000 - 0x00007ffaec5e9000 	C:\Windows\System32\shcore.dll
0x00007ffae9e10000 - 0x00007ffaea51d000 	C:\Windows\System32\windows.storage.dll
0x00007ffaed190000 - 0x00007ffaed1e1000 	C:\Windows\System32\shlwapi.dll
0x00007ffae96b0000 - 0x00007ffae96c1000 	C:\Windows\System32\kernel.appcore.dll
0x00007ffae9690000 - 0x00007ffae96af000 	C:\Windows\System32\profapi.dll
0x00007ffae96d0000 - 0x00007ffae971c000 	C:\Windows\System32\powrprof.dll
0x00007ffae9680000 - 0x00007ffae968a000 	C:\Windows\System32\FLTLIB.DLL
0x00007ffabe1c0000 - 0x00007ffabe1da000 	C:\Program Files\Android\Android Studio\jre\jre\bin\net.dll
0x00007ffae8ea0000 - 0x00007ffae8f06000 	C:\Windows\system32\mswsock.dll
0x00007ffabc000000 - 0x00007ffabc011000 	C:\Program Files\Android\Android Studio\jre\jre\bin\nio.dll
0x00007ffadec20000 - 0x00007ffadec3e000 	C:\Users\jmsvs\.gradle\native\25\windows-amd64\native-platform.dll
0x00007ffad2fa0000 - 0x00007ffad2fad000 	C:\Program Files\Android\Android Studio\jre\jre\bin\management.dll
0x00007ffae9050000 - 0x00007ffae9067000 	C:\Windows\SYSTEM32\CRYPTSP.dll
0x00007ffae8a80000 - 0x00007ffae8ab3000 	C:\Windows\system32\rsaenh.dll
0x00007ffae91d0000 - 0x00007ffae91f5000 	C:\Windows\SYSTEM32\bcrypt.dll
0x00007ffae9580000 - 0x00007ffae95a8000 	C:\Windows\SYSTEM32\USERENV.dll
0x00007ffae94d0000 - 0x00007ffae94db000 	C:\Windows\SYSTEM32\CRYPTBASE.dll
0x00007ffae8c20000 - 0x00007ffae8c58000 	C:\Windows\SYSTEM32\IPHLPAPI.DLL
0x00007ffaeab60000 - 0x00007ffaeab68000 	C:\Windows\System32\NSI.dll
0x00007ffade1e0000 - 0x00007ffade1f6000 	C:\Windows\SYSTEM32\dhcpcsvc6.DLL
0x00007ffade4b0000 - 0x00007ffade4ca000 	C:\Windows\SYSTEM32\dhcpcsvc.DLL
0x00007ffae87a0000 - 0x00007ffae87d1000 	C:\Windows\SYSTEM32\ntmarta.dll

VM Arguments:
jvm_args: -Xmx1536m -Dfile.encoding=windows-1252 -Duser.country=BR -Duser.language=pt -Duser.variant 
java_command: org.gradle.launcher.daemon.bootstrap.GradleDaemon 4.10.1
java_class_path (initial): C:\Users\jmsvs\.gradle\wrapper\dists\gradle-4.10.1-all\455itskqi2qtf0v2sja68alqd\gradle-4.10.1\lib\gradle-launcher-4.10.1.jar
Launcher Type: SUN_STANDARD

Environment Variables:
JAVA_HOME=C:\Program Files\Java\jdk1.8.0_191
PATH=C:\Windows\system32;C:\Windows;C:\Windows\System32\Wbem;C:\Windows\System32\WindowsPowerShell\v1.0\;C:\Windows\System32\OpenSSH\;C:\Program Files\TortoiseSVN\bin;C:\Program Files\dotnet\;C:\Program Files\Microsoft SQL Server\130\Tools\Binn\;C:\Program Files (x86)\Microsoft SQL Server\Client SDK\ODBC\130\Tools\Binn\;C:\Program Files (x86)\Microsoft SQL Server\140\Tools\Binn\;C:\Program Files (x86)\Microsoft SQL Server\140\DTS\Binn\;C:\Program Files (x86)\Microsoft SQL Server\140\Tools\Binn\ManagementStudio\;C:\Program Files\nodejs\;C:\Program Files\Microsoft VS Code\bin;C:\Program Files\Git\cmd;C:\Program Files\Git\mingw64\bin;C:\Program Files\Git\usr\bin;";";"C:\Program Files\Java\jdk1.8.0_191\bin;C:\Users\jmsvs\Documents\apache-tomcat-8.5.34\bin";;C:\PostgreSQL\pg94\bin;C:\Users\jmsvs\AppData\Local\Programs\Python\Python36\Scripts\;C:\Users\jmsvs\AppData\Local\Programs\Python\Python36\;C:\Users\jmsvs\AppData\Local\Microsoft\WindowsApps;C:\Program Files\Microsoft VS Code\bin;C:\Users\jmsvs\AppData\Roaming\npm;C:\Users\jmsvs\Documents\curso_pentaho\java\jre1.8.0_151\bin;C:\Program Files\JetBrains\PyCharm Community Edition 2018.3.4\bin;;C:\Users\jmsvs\flutter\bin;C:\Program Files\heroku\bin
USERNAME=jmsvs
OS=Windows_NT
PROCESSOR_IDENTIFIER=Intel64 Family 6 Model 58 Stepping 9, GenuineIntel



---------------  S Y S T E M  ---------------

OS: Windows 10.0 , 64 bit Build 17134 (10.0.17134.648)

CPU:total 4 (initial active 4) (2 cores per cpu, 2 threads per core) family 6 model 58 stepping 9, cmov, cx8, fxsr, mmx, sse, sse2, sse3, ssse3, sse4.1, sse4.2, popcnt, avx, aes, clmul, erms, ht, tsc, tscinvbit, tscinv

Memory: 4k page, physical 8251852k(1014668k free), swap 8251852k(5120k free)

vm_info: OpenJDK 64-Bit Server VM (25.152-b01) for windows-amd64 JRE (1.8.0_152-release-1248-b01), built by "builder" with MS VC++ 10.0 (VS2010)

time: Tue Apr 02 11:09:24 2019
elapsed time: 376 seconds (0d 0h 6m 16s)

